2020-11-30 13:40:05 INFO:  Comenzó el reporte de Carlos Oropeza 

2020-11-30 13:40:37 INFO:  Comenzó el reporte de Carlos Oropeza 

2020-11-30 13:41:36 INFO:  Comenzó el reporte de P296 Gerardo García (Estudio) 

2020-11-30 13:41:43 INFO:  Comenzó el reporte de Gerardo García (Estudio) 

2020-11-30 13:42:30 INFO:  Comenzó el reporte de Gerardo García Estudio 

2020-11-30 13:44:23 INFO:  Comenzó el reporte de Gerardo García Estudio 

2020-11-30 13:45:25 INFO:  Comenzó el reporte de Gerardo Garcia Estudio 

2020-11-30 13:45:59 INFO:  Comenzó el reporte de Gerardo Garcia Estudio 

2020-11-30 13:46:08 INFO:  Comenzó el reporte de Gerardo García Estudio 

2020-11-30 13:46:27 INFO:  Comenzó el reporte de Gerardo García Estudio 

2020-11-30 13:46:48 INFO:  Comenzó el reporte de Gerardo García Estudio 

2020-11-30 13:50:44 INFO:  Comenzó el reporte de Gerardo García Estudio 

2020-11-30 13:50:55 INFO:  Comenzó el reporte de Gerardo García Estudio 

2020-11-30 13:51:37 INFO:  Comenzó el reporte de Gerardo García Estudio 

2020-11-30 13:52:14 INFO:  Comenzó el reporte de Gerardo García Estudio 

2020-11-30 13:52:28 INFO:  Comenzó el reporte de Gerardo García Estudio 

2020-11-30 13:52:46 INFO:  Comenzó el reporte de Gerardo García Estudio 

2020-11-30 13:54:30 INFO:  Comenzó el reporte de Gerardo García Estudio 

2020-11-30 13:55:49 INFO:  Comenzó el reporte de Gerardo García Estudio 

2020-11-30 13:57:07 INFO:  Comenzó el reporte de Gerardo García Estudio 

2020-11-30 13:57:23 INFO:  Comenzó el reporte de Gerardo García Estudio 

2020-11-30 13:57:49 INFO:  Comenzó el reporte de Gerardo García Estudio 

2020-11-30 13:58:31 INFO:  Comenzó el reporte de Gerardo García Estudio 

2020-11-30 13:58:48 INFO:  Comenzó el reporte de Gerardo García Estudio 

2020-11-30 14:00:29 INFO:  Comenzó el reporte de Gerardo García Estudio 

2020-11-30 14:01:19 INFO:  Comenzó el reporte de Gerardo García Estudio 

2020-11-30 14:44:19 INFO:  Comenzó el reporte de Gerardo García Estudio 

2020-11-30 14:45:11 INFO:  Comenzó el reporte de Gerardo García Estudio 

2020-11-30 14:45:39 INFO:  Comenzó el reporte de Gerardo García Estudio 

2020-11-30 14:46:01 INFO:  Comenzó el reporte de Gerardo García Estudio 

2020-11-30 14:46:10 INFO:  Comenzó el reporte de Gerardo García Estudio 

2020-11-30 14:46:45 INFO:  Comenzó el reporte de Gerardo García Estudio 

2020-11-30 14:49:17 INFO:  Comenzó el reporte de Gerardo García Estudio 

2020-11-30 14:49:36 INFO:  Comenzó el reporte de Gerardo García Estudio 

2020-11-30 14:49:46 INFO:  Comenzó el reporte de Gerardo García Estudio 

2020-11-30 14:50:19 INFO:  Comenzó el reporte de Gerardo García Estudio 

2020-11-30 14:51:29 INFO:  Comenzó el reporte de Gerardo García Estudio 

2020-11-30 14:51:49 INFO:  Comenzó el reporte de Gerardo García Estudio 

2020-11-30 14:52:08 INFO:  Comenzó el reporte de Gerardo García Estudio 

2020-11-30 14:52:43 INFO:  Comenzó el reporte de Gerardo García Estudio 

2020-11-30 14:52:50 INFO:  Comenzó el reporte de Gerardo García Estudio 

2020-11-30 14:53:00 INFO:  Comenzó el reporte de Gerardo García Estudio 

2020-11-30 14:53:13 INFO:  Comenzó el reporte de Gerardo García Estudio 

2020-11-30 14:53:27 INFO:  Comenzó el reporte de Gerardo García Estudio 

2020-11-30 14:54:35 INFO:  Comenzó el reporte de Gerardo García Estudio 

2020-11-30 14:55:31 INFO:  Comenzó el reporte de Gerardo García Estudio 

2020-11-30 14:55:44 INFO:  Comenzó el reporte de Gerardo García Estudio 

2020-11-30 14:56:05 INFO:  Comenzó el reporte de Gerardo García Estudio 

2020-11-30 14:56:16 INFO:  Comenzó el reporte de Gerardo García Estudio 

2020-11-30 15:00:49 INFO:  Comenzó el reporte de Gerardo García Estudio 

2020-11-30 15:02:42 INFO:  Comenzó el reporte de Gerardo García Casa 

2020-11-30 15:03:50 INFO:  Comenzó el reporte de Gerardo García Casa 

2020-11-30 15:09:38 INFO:  Comenzó el reporte de Gerardo García Casa 

2020-11-30 15:12:50 INFO:  Comenzó el reporte de Gerardo García Casa 

2020-12-01 10:25:41 INFO:  Comenzó el reporte de Gerardo García Casa 

2020-12-01 10:26:30 INFO:  Comenzó el reporte de Gerardo García Casa 

2020-12-01 10:27:07 INFO:  Comenzó el reporte de Gerardo García Casa 

2020-12-01 10:28:14 INFO:  Comenzó el reporte de Gerardo García Casa 

2020-12-01 10:28:30 INFO:  Comenzó el reporte de Gerardo García Casa 

2020-12-01 11:03:36 INFO:  Comenzó el reporte de Gerardo García Casa 

2020-12-02 10:08:08 INFO:  Comenzó el reporte de Gerardo García Casa 

2020-12-08 10:47:17 WARNING:  Can't handle color: url(#linear-gradient) 

2020-12-08 10:49:05 WARNING:  Can't handle color: url(#linear-gradient) 

2020-12-08 10:49:09 WARNING:  Can't handle color: url(#linear-gradient) 

2020-12-08 10:49:36 WARNING:  Can't handle color: url(#linear-gradient) 

2020-12-08 10:51:11 WARNING:  Can't handle color: url(#linear-gradient) 

2020-12-08 10:53:16 WARNING:  Can't handle color: url(#linear-gradient) 

2020-12-08 10:53:31 WARNING:  Can't handle color: url(#linear-gradient) 

2020-12-08 10:55:07 WARNING:  Can't handle color: url(#linear-gradient) 

2020-12-08 10:58:59 WARNING:  Can't handle color: url(#linear-gradient) 

2020-12-08 10:59:24 WARNING:  Can't handle color: url(#linear-gradient) 

2020-12-08 11:00:18 WARNING:  Can't handle color: url(#linear-gradient) 

2020-12-08 11:00:42 WARNING:  Can't handle color: url(#linear-gradient) 

2020-12-08 11:00:59 WARNING:  Can't handle color: url(#linear-gradient) 

2020-12-08 11:01:24 WARNING:  Can't handle color: url(#linear-gradient) 

2020-12-08 11:02:39 WARNING:  Can't handle color: url(#linear-gradient) 

2020-12-08 11:02:39 WARNING:  Can't handle color: url(#linear-gradient) 

2020-12-08 11:03:11 WARNING:  Can't handle color: url(#linear-gradient) 

2020-12-08 11:03:11 WARNING:  Can't handle color: url(#linear-gradient) 

2020-12-08 11:03:56 WARNING:  Can't handle color: url(#linear-gradient) 

2020-12-08 11:03:56 WARNING:  Can't handle color: url(#linear-gradient) 

2020-12-08 11:03:56 WARNING:  Can't handle color: url(#linear-gradient) 

2020-12-08 11:04:19 WARNING:  Can't handle color: url(#linear-gradient) 

2020-12-08 11:04:19 WARNING:  Can't handle color: url(#linear-gradient) 

2020-12-08 11:04:19 WARNING:  Can't handle color: url(#linear-gradient) 

2020-12-08 11:04:36 WARNING:  Can't handle color: url(#linear-gradient) 

2020-12-08 11:04:36 WARNING:  Can't handle color: url(#linear-gradient) 

2020-12-08 11:04:36 WARNING:  Can't handle color: url(#linear-gradient) 

2020-12-08 11:04:54 WARNING:  Can't handle color: url(#linear-gradient) 

2020-12-08 11:04:54 WARNING:  Can't handle color: url(#linear-gradient) 

2020-12-08 11:04:54 WARNING:  Can't handle color: url(#linear-gradient) 

2020-12-08 11:05:09 WARNING:  Can't handle color: url(#linear-gradient) 

2020-12-08 11:05:09 WARNING:  Can't handle color: url(#linear-gradient) 

2020-12-08 11:05:09 WARNING:  Can't handle color: url(#linear-gradient) 

2020-12-08 11:05:33 WARNING:  Can't handle color: url(#linear-gradient) 

2020-12-08 11:05:33 WARNING:  Can't handle color: url(#linear-gradient) 

2020-12-08 11:05:33 WARNING:  Can't handle color: url(#linear-gradient) 

2020-12-08 11:05:54 WARNING:  Can't handle color: url(#linear-gradient) 

2020-12-08 11:05:54 WARNING:  Can't handle color: url(#linear-gradient) 

2020-12-08 11:05:54 WARNING:  Can't handle color: url(#linear-gradient) 

2020-12-08 11:07:01 WARNING:  Can't handle color: url(#linear-gradient) 

2020-12-08 11:07:01 WARNING:  Can't handle color: url(#linear-gradient) 

2020-12-08 11:07:01 WARNING:  Can't handle color: url(#linear-gradient) 

2020-12-08 11:10:27 WARNING:  Can't handle color: url(#linear-gradient) 

2020-12-08 11:10:27 WARNING:  Can't handle color: url(#linear-gradient) 

2020-12-08 11:10:27 WARNING:  Can't handle color: url(#linear-gradient) 

2020-12-08 11:14:25 WARNING:  Can't handle color: url(#linear-gradient) 

2020-12-08 11:14:25 ERROR:  Failed to load input file! (Error reading file 'Imagenes/Figuras/1_arboles.svg': failed to load external entity "Imagenes/Figuras/1_arboles.svg") 

2020-12-08 11:14:42 WARNING:  Can't handle color: url(#linear-gradient) 

2020-12-08 11:14:42 WARNING:  Can't handle color: url(#linear-gradient) 

2020-12-08 11:14:42 WARNING:  Can't handle color: url(#linear-gradient) 

2020-12-08 11:22:30 WARNING:  Can't handle color: url(#linear-gradient) 

2020-12-08 11:22:31 WARNING:  Can't handle color: url(#linear-gradient) 

2020-12-08 11:22:31 WARNING:  Can't handle color: url(#linear-gradient) 

2020-12-10 13:46:08 INFO:  Comenzó el reporte de Gerardo García Casa 

2020-12-10 13:46:51 INFO:  Comenzó el reporte de Gerardo García Casa 

2020-12-10 13:48:03 INFO:  Comenzó el reporte de Gerardo García Casa 

2020-12-10 13:48:22 INFO:  Comenzó el reporte de Gerardo García Casa 

2020-12-10 13:48:41 INFO:  Comenzó el reporte de Gerardo García Casa 

2020-12-10 13:49:08 INFO:  Comenzó el reporte de Alejandro_Flores.xlsx 

